The system is: Windows - 10.0.19045 - AMD64
Compiling the C compiler identification source file "CMakeCCompilerId.c" succeeded.
Compiler: C:/Program Files/Microsoft Visual Studio/2022/Preview/VC/Tools/MSVC/14.41.33901/bin/Hostx86/x86/cl.exe 
Build flags: 
Id flags:  

The output was:
0
Microsoft (R) C/C++ Optimizing Compiler Version 19.41.33901 for x86
Copyright (C) Microsoft Corporation.  All rights reserved.

CMakeCCompilerId.c
Microsoft (R) Incremental Linker Version 14.41.33901.0
Copyright (C) Microsoft Corporation.  All rights reserved.

/out:CMakeCCompilerId.exe 
CMakeCCompilerId.obj 


Compilation of the C compiler identification source "CMakeCCompilerId.c" produced "CMakeCCompilerId.exe"

Compilation of the C compiler identification source "CMakeCCompilerId.c" produced "CMakeCCompilerId.obj"

The C compiler identification is MSVC, found in "C:/Users/ofekz/OneDrive - Technion/Desktop/Technion/Clion_new_projects/old/C++ Library Project/Library_Data/Library_Management/OOPLib/cmake-build-debug/CMakeFiles/3.20.2/CompilerIdC/CMakeCCompilerId.exe"

Compiling the CXX compiler identification source file "CMakeCXXCompilerId.cpp" succeeded.
Compiler: C:/Program Files/Microsoft Visual Studio/2022/Preview/VC/Tools/MSVC/14.41.33901/bin/Hostx86/x86/cl.exe 
Build flags: 
Id flags:  

The output was:
0
Microsoft (R) C/C++ Optimizing Compiler Version 19.41.33901 for x86
Copyright (C) Microsoft Corporation.  All rights reserved.

CMakeCXXCompilerId.cpp
Microsoft (R) Incremental Linker Version 14.41.33901.0
Copyright (C) Microsoft Corporation.  All rights reserved.

/out:CMakeCXXCompilerId.exe 
CMakeCXXCompilerId.obj 


Compilation of the CXX compiler identification source "CMakeCXXCompilerId.cpp" produced "CMakeCXXCompilerId.exe"

Compilation of the CXX compiler identification source "CMakeCXXCompilerId.cpp" produced "CMakeCXXCompilerId.obj"

The CXX compiler identification is MSVC, found in "C:/Users/ofekz/OneDrive - Technion/Desktop/Technion/Clion_new_projects/old/C++ Library Project/Library_Data/Library_Management/OOPLib/cmake-build-debug/CMakeFiles/3.20.2/CompilerIdCXX/CMakeCXXCompilerId.exe"

Detecting C compiler ABI info compiled with the following output:
Change Dir: C:/Users/ofekz/OneDrive - Technion/Desktop/Technion/Clion_new_projects/old/C++ Library Project/Library_Data/Library_Management/OOPLib/cmake-build-debug/CMakeFiles/CMakeTmp

Run Build Command(s):nmake -f Makefile /nologo cmTC_ee1be\fast && 	"C:\Program Files\Microsoft Visual Studio\2022\Preview\VC\Tools\MSVC\14.41.33901\bin\HostX86\x86\nmake.exe"  -f CMakeFiles\cmTC_ee1be.dir\build.make /nologo -L                  CMakeFiles\cmTC_ee1be.dir\build
Building C object CMakeFiles/cmTC_ee1be.dir/CMakeCCompilerABI.c.obj
	"C:\Program Files\JetBrains\CLion 2021.2.3\bin\cmake\win\bin\cmake.exe" -E cmake_cl_compile_depends --dep-file=CMakeFiles\cmTC_ee1be.dir\CMakeCCompilerABI.c.obj.d --working-dir="C:\Users\ofekz\OneDrive - Technion\Desktop\Technion\Clion_new_projects\old\C++ Library Project\Library_Data\Library_Management\OOPLib\cmake-build-debug\CMakeFiles\CMakeTmp" --filter-prefix="" -- C:\PROGRA~1\MIB055~1\2022\Preview\VC\Tools\MSVC\1441~1.339\bin\Hostx86\x86\cl.exe @C:\Users\ofekz\AppData\Local\Temp\nmCD09.tmp
Linking C executable cmTC_ee1be.exe
	"C:\Program Files\JetBrains\CLion 2021.2.3\bin\cmake\win\bin\cmake.exe" -E vs_link_exe --intdir=CMakeFiles\cmTC_ee1be.dir --rc=C:\PROGRA~2\WI3CF2~1\10\bin\100226~1.0\x86\rc.exe --mt=C:\PROGRA~2\WI3CF2~1\10\bin\100226~1.0\x86\mt.exe --manifests -- C:\PROGRA~1\MIB055~1\2022\Preview\VC\Tools\MSVC\1441~1.339\bin\Hostx86\x86\link.exe /nologo @CMakeFiles\cmTC_ee1be.dir\objects1.rsp @C:\Users\ofekz\AppData\Local\Temp\nmCE13.tmp



Detecting CXX compiler ABI info compiled with the following output:
Change Dir: C:/Users/ofekz/OneDrive - Technion/Desktop/Technion/Clion_new_projects/old/C++ Library Project/Library_Data/Library_Management/OOPLib/cmake-build-debug/CMakeFiles/CMakeTmp

Run Build Command(s):nmake -f Makefile /nologo cmTC_85963\fast && 	"C:\Program Files\Microsoft Visual Studio\2022\Preview\VC\Tools\MSVC\14.41.33901\bin\HostX86\x86\nmake.exe"  -f CMakeFiles\cmTC_85963.dir\build.make /nologo -L                  CMakeFiles\cmTC_85963.dir\build
Building CXX object CMakeFiles/cmTC_85963.dir/CMakeCXXCompilerABI.cpp.obj
	"C:\Program Files\JetBrains\CLion 2021.2.3\bin\cmake\win\bin\cmake.exe" -E cmake_cl_compile_depends --dep-file=CMakeFiles\cmTC_85963.dir\CMakeCXXCompilerABI.cpp.obj.d --working-dir="C:\Users\ofekz\OneDrive - Technion\Desktop\Technion\Clion_new_projects\old\C++ Library Project\Library_Data\Library_Management\OOPLib\cmake-build-debug\CMakeFiles\CMakeTmp" --filter-prefix="" -- C:\PROGRA~1\MIB055~1\2022\Preview\VC\Tools\MSVC\1441~1.339\bin\Hostx86\x86\cl.exe @C:\Users\ofekz\AppData\Local\Temp\nmD249.tmp
Linking CXX executable cmTC_85963.exe
	"C:\Program Files\JetBrains\CLion 2021.2.3\bin\cmake\win\bin\cmake.exe" -E vs_link_exe --intdir=CMakeFiles\cmTC_85963.dir --rc=C:\PROGRA~2\WI3CF2~1\10\bin\100226~1.0\x86\rc.exe --mt=C:\PROGRA~2\WI3CF2~1\10\bin\100226~1.0\x86\mt.exe --manifests -- C:\PROGRA~1\MIB055~1\2022\Preview\VC\Tools\MSVC\1441~1.339\bin\Hostx86\x86\link.exe /nologo @CMakeFiles\cmTC_85963.dir\objects1.rsp @C:\Users\ofekz\AppData\Local\Temp\nmD2C7.tmp



